1676147980718	geckodriver	INFO	Listening on 127.0.0.1:41465
1676147981310	mozrunner::runner	INFO	Running command: "/usr/bin/firefox" "--marionette" "--remote-debugging-port" "52475" "--remote-allow-hosts" "localhost" "-no-remote" "-profile" "/tmp/rust_mozprofilehjL5Pw"
ATTENTION: default value of option mesa_glthread overridden by environment.
ATTENTION: default value of option mesa_glthread overridden by environment.
ATTENTION: default value of option mesa_glthread overridden by environment.
ATTENTION: default value of option mesa_glthread overridden by environment.
1676147982163	Marionette	INFO	Marionette enabled
1676147982197	Marionette	INFO	Listening on port 41489
Read port: 41489
WebDriver BiDi listening on ws://127.0.0.1:52475
1676147982540	RemoteAgent	WARN	TLS certificate errors will be ignored for this session
console.warn: SearchSettings: "get: No settings file exists, new profile?" (new NotFoundError("Could not open the file at /tmp/rust_mozprofilehjL5Pw/search.json.mozlz4", (void 0)))
DevTools listening on ws://127.0.0.1:52475/devtools/browser/55c737be-1f0a-4646-8335-f7966832f9c4
JavaScript warning: https://pagead2.googlesyndication.com/bg/fr2tM3cMqKf7o-hgvg-GAlWS1ShJQQMk61KbxyC8hNw.js line 2 > eval line 3087 > eval line 1 > eval line 1 > eval, line 1: WEBGL_debug_renderer_info is deprecated in Firefox and will be removed. Please use RENDERER.
JavaScript error: , line 0: TypeError: NetworkError when attempting to fetch resource.
JavaScript warning: https://pagead2.googlesyndication.com/bg/fr2tM3cMqKf7o-hgvg-GAlWS1ShJQQMk61KbxyC8hNw.js line 2 > eval line 6019 > eval line 1 > eval line 1 > eval, line 1: WEBGL_debug_renderer_info is deprecated in Firefox and will be removed. Please use RENDERER.
JavaScript error: , line 0: TypeError: NetworkError when attempting to fetch resource.
JavaScript warning: https://pagead2.googlesyndication.com/bg/fr2tM3cMqKf7o-hgvg-GAlWS1ShJQQMk61KbxyC8hNw.js line 2 > eval line 3139 > eval line 1 > eval line 1 > eval, line 1: WEBGL_debug_renderer_info is deprecated in Firefox and will be removed. Please use RENDERER.
JavaScript error: , line 0: TypeError: NetworkError when attempting to fetch resource.
[Child 22540, MediaDecoderStateMachine #1] WARNING: Decoder=7fcb48a5d700 state=DECODING_METADATA Decode metadata failed, shutting down decoder: file /builds/worker/checkouts/gecko/dom/media/MediaDecoderStateMachine.cpp:372
[Child 22540, MediaDecoderStateMachine #1] WARNING: Decoder=7fcb48a5d700 Decode error: NS_ERROR_DOM_MEDIA_METADATA_ERR (0x806e0006) - static MP4Metadata::ResultAndByteBuffer mozilla::MP4Metadata::Metadata(mozilla::ByteStream *): Cannot parse metadata: file /builds/worker/checkouts/gecko/dom/media/MediaDecoderStateMachineBase.cpp:164
JavaScript error: , line 0: TypeError: NetworkError when attempting to fetch resource.
JavaScript error: resource://gre/actors/ContentMetaChild.jsm, line 183: InvalidStateError: JSWindowActorChild.sendAsyncMessage: JSWindowActorChild cannot send at the moment
JavaScript warning: https://pagead2.googlesyndication.com/bg/fr2tM3cMqKf7o-hgvg-GAlWS1ShJQQMk61KbxyC8hNw.js line 2 > eval line 1318 > eval line 1 > eval line 1 > eval, line 1: WEBGL_debug_renderer_info is deprecated in Firefox and will be removed. Please use RENDERER.
JavaScript error: , line 0: TypeError: NetworkError when attempting to fetch resource.
JavaScript error: , line 0: TypeError: NetworkError when attempting to fetch resource.
JavaScript warning: https://pagead2.googlesyndication.com/bg/fr2tM3cMqKf7o-hgvg-GAlWS1ShJQQMk61KbxyC8hNw.js line 2 > eval line 4988 > eval line 1 > eval line 1 > eval, line 1: WEBGL_debug_renderer_info is deprecated in Firefox and will be removed. Please use RENDERER.
JavaScript error: , line 0: TypeError: NetworkError when attempting to fetch resource.
JavaScript error: , line 0: TypeError: NetworkError when attempting to fetch resource.
[Child 22540, MediaDecoderStateMachine #1] WARNING: Decoder=7fcb48a17d00 state=DECODING_METADATA Decode metadata failed, shutting down decoder: file /builds/worker/checkouts/gecko/dom/media/MediaDecoderStateMachine.cpp:372
[Child 22540, MediaDecoderStateMachine #1] WARNING: Decoder=7fcb48a17d00 Decode error: NS_ERROR_DOM_MEDIA_METADATA_ERR (0x806e0006) - static MP4Metadata::ResultAndByteBuffer mozilla::MP4Metadata::Metadata(mozilla::ByteStream *): Cannot parse metadata: file /builds/worker/checkouts/gecko/dom/media/MediaDecoderStateMachineBase.cpp:164
[Child 22540, MediaDecoderStateMachine #1] WARNING: Decoder=7fcb45deba00 state=DECODING_METADATA Decode metadata failed, shutting down decoder: file /builds/worker/checkouts/gecko/dom/media/MediaDecoderStateMachine.cpp:372
[Child 22540, MediaDecoderStateMachine #1] WARNING: Decoder=7fcb45deba00 Decode error: NS_ERROR_DOM_MEDIA_METADATA_ERR (0x806e0006) - static MP4Metadata::ResultAndByteBuffer mozilla::MP4Metadata::Metadata(mozilla::ByteStream *): Cannot parse metadata: file /builds/worker/checkouts/gecko/dom/media/MediaDecoderStateMachineBase.cpp:164
JavaScript error: , line 0: TypeError: NetworkError when attempting to fetch resource.
[Child 22540, MediaDecoderStateMachine #1] WARNING: Decoder=7fcb49ecbb00 state=DECODING_METADATA Decode metadata failed, shutting down decoder: file /builds/worker/checkouts/gecko/dom/media/MediaDecoderStateMachine.cpp:372
[Child 22540, MediaDecoderStateMachine #1] WARNING: Decoder=7fcb49ecbb00 Decode error: NS_ERROR_DOM_MEDIA_METADATA_ERR (0x806e0006) - static MP4Metadata::ResultAndByteBuffer mozilla::MP4Metadata::Metadata(mozilla::ByteStream *): Cannot parse metadata: file /builds/worker/checkouts/gecko/dom/media/MediaDecoderStateMachineBase.cpp:164
JavaScript warning: https://ad.vidverto.io/vidverto/player/vidvertoplayer.js, line 1: This error message will be blank when privacy.resistFingerprinting = true.  If it is really necessary, please add it to the whitelist in MediaError::GetMessage: 
JavaScript error: , line 0: TypeError: NetworkError when attempting to fetch resource.
JavaScript warning: https://pagead2.googlesyndication.com/bg/fr2tM3cMqKf7o-hgvg-GAlWS1ShJQQMk61KbxyC8hNw.js line 2 > eval line 6985 > eval line 1 > eval line 1 > eval, line 1: WEBGL_debug_renderer_info is deprecated in Firefox and will be removed. Please use RENDERER.
JavaScript error: , line 0: TypeError: NetworkError when attempting to fetch resource.
JavaScript error: , line 0: TypeError: NetworkError when attempting to fetch resource.
JavaScript warning: https://pagead2.googlesyndication.com/bg/fr2tM3cMqKf7o-hgvg-GAlWS1ShJQQMk61KbxyC8hNw.js line 2 > eval line 4514 > eval line 1 > eval line 1 > eval, line 1: WEBGL_debug_renderer_info is deprecated in Firefox and will be removed. Please use RENDERER.
JavaScript error: , line 0: TypeError: NetworkError when attempting to fetch resource.
JavaScript error: , line 0: TypeError: NetworkError when attempting to fetch resource.
[Child 22540, MediaDecoderStateMachine #1] WARNING: Decoder=7fcb459eb500 state=DECODING_METADATA Decode metadata failed, shutting down decoder: file /builds/worker/checkouts/gecko/dom/media/MediaDecoderStateMachine.cpp:372
[Child 22540, MediaDecoderStateMachine #1] WARNING: Decoder=7fcb459eb500 Decode error: NS_ERROR_DOM_MEDIA_METADATA_ERR (0x806e0006) - static MP4Metadata::ResultAndByteBuffer mozilla::MP4Metadata::Metadata(mozilla::ByteStream *): Cannot parse metadata: file /builds/worker/checkouts/gecko/dom/media/MediaDecoderStateMachineBase.cpp:164
[Child 22540, MediaDecoderStateMachine #1] WARNING: Decoder=7fcb492f0400 state=DECODING_METADATA Decode metadata failed, shutting down decoder: file /builds/worker/checkouts/gecko/dom/media/MediaDecoderStateMachine.cpp:372
[Child 22540, MediaDecoderStateMachine #1] WARNING: Decoder=7fcb492f0400 Decode error: NS_ERROR_DOM_MEDIA_METADATA_ERR (0x806e0006) - static MP4Metadata::ResultAndByteBuffer mozilla::MP4Metadata::Metadata(mozilla::ByteStream *): Cannot parse metadata: file /builds/worker/checkouts/gecko/dom/media/MediaDecoderStateMachineBase.cpp:164
JavaScript warning: https://pagead2.googlesyndication.com/bg/fr2tM3cMqKf7o-hgvg-GAlWS1ShJQQMk61KbxyC8hNw.js line 2 > eval line 6989 > eval line 1 > eval line 1 > eval, line 1: WEBGL_debug_renderer_info is deprecated in Firefox and will be removed. Please use RENDERER.
JavaScript error: , line 0: TypeError: NetworkError when attempting to fetch resource.
JavaScript warning: https://pagead2.googlesyndication.com/bg/fr2tM3cMqKf7o-hgvg-GAlWS1ShJQQMk61KbxyC8hNw.js line 2 > eval line 5797 > eval line 1 > eval line 1 > eval, line 1: WEBGL_debug_renderer_info is deprecated in Firefox and will be removed. Please use RENDERER.
Exiting due to channel error.
Exiting due to channel error.
Exiting due to channel error.
Exiting due to channel error.
Exiting due to channel error.
Exiting due to channel error.
Exiting due to channel error.
1676148186074	geckodriver	INFO	Listening on 127.0.0.1:58061
1676148186666	mozrunner::runner	INFO	Running command: "/usr/bin/firefox" "--marionette" "--remote-debugging-port" "54027" "--remote-allow-hosts" "localhost" "-no-remote" "-profile" "/tmp/rust_mozprofileAl5tGc"
ATTENTION: default value of option mesa_glthread overridden by environment.
ATTENTION: default value of option mesa_glthread overridden by environment.
ATTENTION: default value of option mesa_glthread overridden by environment.
ATTENTION: default value of option mesa_glthread overridden by environment.
1676148187656	Marionette	INFO	Marionette enabled
1676148187660	Marionette	INFO	Listening on port 34527
Read port: 34527
WebDriver BiDi listening on ws://127.0.0.1:54027
1676148187893	RemoteAgent	WARN	TLS certificate errors will be ignored for this session
console.warn: SearchSettings: "get: No settings file exists, new profile?" (new NotFoundError("Could not open the file at /tmp/rust_mozprofileAl5tGc/search.json.mozlz4", (void 0)))
DevTools listening on ws://127.0.0.1:54027/devtools/browser/567ab03a-dc58-4db1-a348-f5d4c45e89e0
JavaScript warning: https://pagead2.googlesyndication.com/bg/fr2tM3cMqKf7o-hgvg-GAlWS1ShJQQMk61KbxyC8hNw.js line 2 > eval line 1514 > eval line 1 > eval line 1 > eval, line 1: WEBGL_debug_renderer_info is deprecated in Firefox and will be removed. Please use RENDERER.
JavaScript error: , line 0: TypeError: NetworkError when attempting to fetch resource.
JavaScript error: , line 0: TypeError: NetworkError when attempting to fetch resource.
JavaScript warning: https://pagead2.googlesyndication.com/bg/fr2tM3cMqKf7o-hgvg-GAlWS1ShJQQMk61KbxyC8hNw.js line 2 > eval line 3148 > eval line 1 > eval line 1 > eval, line 1: WEBGL_debug_renderer_info is deprecated in Firefox and will be removed. Please use RENDERER.
JavaScript error: , line 0: TypeError: NetworkError when attempting to fetch resource.
[Child 25801, MediaDecoderStateMachine #1] WARNING: Decoder=7f0c4e7f7900 state=DECODING_METADATA Decode metadata failed, shutting down decoder: file /builds/worker/checkouts/gecko/dom/media/MediaDecoderStateMachine.cpp:372
[Child 25801, MediaDecoderStateMachine #1] WARNING: Decoder=7f0c4e7f7900 Decode error: NS_ERROR_DOM_MEDIA_METADATA_ERR (0x806e0006) - static MP4Metadata::ResultAndByteBuffer mozilla::MP4Metadata::Metadata(mozilla::ByteStream *): Cannot parse metadata: file /builds/worker/checkouts/gecko/dom/media/MediaDecoderStateMachineBase.cpp:164
JavaScript error: , line 0: TypeError: NetworkError when attempting to fetch resource.
1676148256801	Marionette	WARN	Ignoring event 'pageshow' because document has an invalid readyState of 'uninitialized'.
JavaScript error: , line 0: TypeError: NetworkError when attempting to fetch resource.
[Child 25801, MediaDecoderStateMachine #1] WARNING: Decoder=7f0c4e5c7f00 state=DECODING_METADATA Decode metadata failed, shutting down decoder: file /builds/worker/checkouts/gecko/dom/media/MediaDecoderStateMachine.cpp:372
[Child 25801, MediaDecoderStateMachine #1] WARNING: Decoder=7f0c4e5c7f00 Decode error: NS_ERROR_DOM_MEDIA_METADATA_ERR (0x806e0006) - static MP4Metadata::ResultAndByteBuffer mozilla::MP4Metadata::Metadata(mozilla::ByteStream *): Cannot parse metadata: file /builds/worker/checkouts/gecko/dom/media/MediaDecoderStateMachineBase.cpp:164
JavaScript error: , line 0: TypeError: NetworkError when attempting to fetch resource.
JavaScript error: , line 0: TypeError: NetworkError when attempting to fetch resource.
JavaScript error: , line 0: TypeError: NetworkError when attempting to fetch resource.
[Child 25801, MediaDecoderStateMachine #1] WARNING: Decoder=7f0c40dcce00 state=DECODING_METADATA Decode metadata failed, shutting down decoder: file /builds/worker/checkouts/gecko/dom/media/MediaDecoderStateMachine.cpp:372
[Child 25801, MediaDecoderStateMachine #1] WARNING: Decoder=7f0c40dcce00 Decode error: NS_ERROR_DOM_MEDIA_METADATA_ERR (0x806e0006) - static MP4Metadata::ResultAndByteBuffer mozilla::MP4Metadata::Metadata(mozilla::ByteStream *): Cannot parse metadata: file /builds/worker/checkouts/gecko/dom/media/MediaDecoderStateMachineBase.cpp:164
JavaScript error: https://imasdk.googleapis.com/js/sdkloader/ima3.js, line 488: TypeError: b is undefined
JavaScript error: https://imasdk.googleapis.com/js/sdkloader/ima3.js, line 488: TypeError: b is undefined
JavaScript error: , line 0: TypeError: NetworkError when attempting to fetch resource.
JavaScript error: resource://devtools/client/jsonview/Sniffer.sys.mjs, line 53: NS_ERROR_NOT_AVAILABLE: Component returned failure code: 0x80040111 (NS_ERROR_NOT_AVAILABLE) [nsIChannel.contentType]
[Child 25801, MediaDecoderStateMachine #1] WARNING: Decoder=7f0c462f7800 state=DECODING_METADATA Decode metadata failed, shutting down decoder: file /builds/worker/checkouts/gecko/dom/media/MediaDecoderStateMachine.cpp:372
[Child 25801, MediaDecoderStateMachine #1] WARNING: Decoder=7f0c462f7800 Decode error: NS_ERROR_DOM_MEDIA_METADATA_ERR (0x806e0006) - static MP4Metadata::ResultAndByteBuffer mozilla::MP4Metadata::Metadata(mozilla::ByteStream *): Cannot parse metadata: file /builds/worker/checkouts/gecko/dom/media/MediaDecoderStateMachineBase.cpp:164
1676148393324	Marionette	WARN	Ignoring event 'DOMContentLoaded' because document has an invalid readyState of 'complete'.
JavaScript error: , line 0: TypeError: NetworkError when attempting to fetch resource.
[Child 25801, MediaDecoderStateMachine #1] WARNING: Decoder=7f0c69956a00 state=DECODING_METADATA Decode metadata failed, shutting down decoder: file /builds/worker/checkouts/gecko/dom/media/MediaDecoderStateMachine.cpp:372
[Child 25801, MediaDecoderStateMachine #1] WARNING: Decoder=7f0c69956a00 Decode error: NS_ERROR_DOM_MEDIA_METADATA_ERR (0x806e0006) - static MP4Metadata::ResultAndByteBuffer mozilla::MP4Metadata::Metadata(mozilla::ByteStream *): Cannot parse metadata: file /builds/worker/checkouts/gecko/dom/media/MediaDecoderStateMachineBase.cpp:164
[Child 25801, MediaDecoderStateMachine #1] WARNING: Decoder=7f0c412b8000 state=DECODING_METADATA Decode metadata failed, shutting down decoder: file /builds/worker/checkouts/gecko/dom/media/MediaDecoderStateMachine.cpp:372
[Child 25801, MediaDecoderStateMachine #1] WARNING: Decoder=7f0c412b8000 Decode error: NS_ERROR_DOM_MEDIA_METADATA_ERR (0x806e0006) - static MP4Metadata::ResultAndByteBuffer mozilla::MP4Metadata::Metadata(mozilla::ByteStream *): Cannot parse metadata: file /builds/worker/checkouts/gecko/dom/media/MediaDecoderStateMachineBase.cpp:164
[Child 25801, MediaDecoderStateMachine #1] WARNING: Decoder=7f0c462a0800 state=DECODING_METADATA Decode metadata failed, shutting down decoder: file /builds/worker/checkouts/gecko/dom/media/MediaDecoderStateMachine.cpp:372
[Child 25801, MediaDecoderStateMachine #1] WARNING: Decoder=7f0c462a0800 Decode error: NS_ERROR_DOM_MEDIA_METADATA_ERR (0x806e0006) - static MP4Metadata::ResultAndByteBuffer mozilla::MP4Metadata::Metadata(mozilla::ByteStream *): Cannot parse metadata: file /builds/worker/checkouts/gecko/dom/media/MediaDecoderStateMachineBase.cpp:164
JavaScript error: , line 0: TypeError: NetworkError when attempting to fetch resource.
JavaScript error: , line 0: TypeError: NetworkError when attempting to fetch resource.
[Child 25801, MediaDecoderStateMachine #1] WARNING: Decoder=7f0c40dca700 state=DECODING_METADATA Decode metadata failed, shutting down decoder: file /builds/worker/checkouts/gecko/dom/media/MediaDecoderStateMachine.cpp:372
[Child 25801, MediaDecoderStateMachine #1] WARNING: Decoder=7f0c40dca700 Decode error: NS_ERROR_DOM_MEDIA_METADATA_ERR (0x806e0006) - static MP4Metadata::ResultAndByteBuffer mozilla::MP4Metadata::Metadata(mozilla::ByteStream *): Cannot parse metadata: file /builds/worker/checkouts/gecko/dom/media/MediaDecoderStateMachineBase.cpp:164
[Child 25801, MediaDecoderStateMachine #1] WARNING: Decoder=7f0c5a993a00 state=DECODING_METADATA Decode metadata failed, shutting down decoder: file /builds/worker/checkouts/gecko/dom/media/MediaDecoderStateMachine.cpp:372
[Child 25801, MediaDecoderStateMachine #1] WARNING: Decoder=7f0c5a993a00 Decode error: NS_ERROR_DOM_MEDIA_METADATA_ERR (0x806e0006) - static MP4Metadata::ResultAndByteBuffer mozilla::MP4Metadata::Metadata(mozilla::ByteStream *): Cannot parse metadata: file /builds/worker/checkouts/gecko/dom/media/MediaDecoderStateMachineBase.cpp:164
JavaScript error: , line 0: TypeError: NetworkError when attempting to fetch resource.
JavaScript warning: https://pagead2.googlesyndication.com/bg/fr2tM3cMqKf7o-hgvg-GAlWS1ShJQQMk61KbxyC8hNw.js line 2 > eval line 6719 > eval line 1 > eval line 1 > eval, line 1: WEBGL_debug_renderer_info is deprecated in Firefox and will be removed. Please use RENDERER.
JavaScript error: , line 0: TypeError: NetworkError when attempting to fetch resource.
JavaScript error: , line 0: TypeError: NetworkError when attempting to fetch resource.
[Child 25801, MediaDecoderStateMachine #1] WARNING: Decoder=7f0c412b8900 state=DECODING_METADATA Decode metadata failed, shutting down decoder: file /builds/worker/checkouts/gecko/dom/media/MediaDecoderStateMachine.cpp:372
[Child 25801, MediaDecoderStateMachine #1] WARNING: Decoder=7f0c412b8900 Decode error: NS_ERROR_DOM_MEDIA_METADATA_ERR (0x806e0006) - static MP4Metadata::ResultAndByteBuffer mozilla::MP4Metadata::Metadata(mozilla::ByteStream *): Cannot parse metadata: file /builds/worker/checkouts/gecko/dom/media/MediaDecoderStateMachineBase.cpp:164
JavaScript error: , line 0: TypeError: NetworkError when attempting to fetch resource.
JavaScript warning: https://pagead2.googlesyndication.com/bg/fr2tM3cMqKf7o-hgvg-GAlWS1ShJQQMk61KbxyC8hNw.js line 2 > eval line 290 > eval line 1 > eval line 1 > eval, line 1: WEBGL_debug_renderer_info is deprecated in Firefox and will be removed. Please use RENDERER.
JavaScript error: , line 0: TypeError: NetworkError when attempting to fetch resource.
JavaScript error: , line 0: TypeError: NetworkError when attempting to fetch resource.
JavaScript error: , line 0: TypeError: NetworkError when attempting to fetch resource.
JavaScript error: , line 0: TypeError: NetworkError when attempting to fetch resource.
JavaScript error: , line 0: TypeError: NetworkError when attempting to fetch resource.
[Child 25801, MediaDecoderStateMachine #1] WARNING: Decoder=7f0c56e6f300 state=DECODING_METADATA Decode metadata failed, shutting down decoder: file /builds/worker/checkouts/gecko/dom/media/MediaDecoderStateMachine.cpp:372
[Child 25801, MediaDecoderStateMachine #1] WARNING: Decoder=7f0c56e6f300 Decode error: NS_ERROR_DOM_MEDIA_METADATA_ERR (0x806e0006) - static MP4Metadata::ResultAndByteBuffer mozilla::MP4Metadata::Metadata(mozilla::ByteStream *): Cannot parse metadata: file /builds/worker/checkouts/gecko/dom/media/MediaDecoderStateMachineBase.cpp:164
[Child 25801, MediaDecoderStateMachine #1] WARNING: Decoder=7f0c439fd500 state=DECODING_METADATA Decode metadata failed, shutting down decoder: file /builds/worker/checkouts/gecko/dom/media/MediaDecoderStateMachine.cpp:372
[Child 25801, MediaDecoderStateMachine #1] WARNING: Decoder=7f0c439fd500 Decode error: NS_ERROR_DOM_MEDIA_METADATA_ERR (0x806e0006) - static MP4Metadata::ResultAndByteBuffer mozilla::MP4Metadata::Metadata(mozilla::ByteStream *): Cannot parse metadata: file /builds/worker/checkouts/gecko/dom/media/MediaDecoderStateMachineBase.cpp:164
JavaScript warning: https://ad.vidverto.io/vidverto/player/vidvertoplayer.js, line 1: This error message will be blank when privacy.resistFingerprinting = true.  If it is really necessary, please add it to the whitelist in MediaError::GetMessage: 
[Child 25801, MediaDecoderStateMachine #1] WARNING: Decoder=7f0c412b9500 state=DECODING_METADATA Decode metadata failed, shutting down decoder: file /builds/worker/checkouts/gecko/dom/media/MediaDecoderStateMachine.cpp:372
[Child 25801, MediaDecoderStateMachine #1] WARNING: Decoder=7f0c412b9500 Decode error: NS_ERROR_DOM_MEDIA_METADATA_ERR (0x806e0006) - static MP4Metadata::ResultAndByteBuffer mozilla::MP4Metadata::Metadata(mozilla::ByteStream *): Cannot parse metadata: file /builds/worker/checkouts/gecko/dom/media/MediaDecoderStateMachineBase.cpp:164
JavaScript warning: https://pagead2.googlesyndication.com/bg/fr2tM3cMqKf7o-hgvg-GAlWS1ShJQQMk61KbxyC8hNw.js line 2 > eval line 254 > eval line 1 > eval line 1 > eval, line 1: WEBGL_debug_renderer_info is deprecated in Firefox and will be removed. Please use RENDERER.
JavaScript error: , line 0: TypeError: NetworkError when attempting to fetch resource.
JavaScript error: , line 0: TypeError: NetworkError when attempting to fetch resource.
[Child 25801, MediaDecoderStateMachine #1] WARNING: Decoder=7f0c40dcb000 state=DECODING_METADATA Decode metadata failed, shutting down decoder: file /builds/worker/checkouts/gecko/dom/media/MediaDecoderStateMachine.cpp:372
[Child 25801, MediaDecoderStateMachine #1] WARNING: Decoder=7f0c40dcb000 Decode error: NS_ERROR_DOM_MEDIA_METADATA_ERR (0x806e0006) - static MP4Metadata::ResultAndByteBuffer mozilla::MP4Metadata::Metadata(mozilla::ByteStream *): Cannot parse metadata: file /builds/worker/checkouts/gecko/dom/media/MediaDecoderStateMachineBase.cpp:164
JavaScript warning: https://pagead2.googlesyndication.com/bg/fr2tM3cMqKf7o-hgvg-GAlWS1ShJQQMk61KbxyC8hNw.js line 2 > eval line 6813 > eval line 1 > eval line 1 > eval, line 1: WEBGL_debug_renderer_info is deprecated in Firefox and will be removed. Please use RENDERER.
JavaScript error: , line 0: TypeError: NetworkError when attempting to fetch resource.
1676149085226	Marionette	WARN	Ignoring event 'pageshow' because document has an invalid readyState of 'interactive'.
1676149085339	Marionette	WARN	Ignoring event 'pageshow' because document has an invalid readyState of 'interactive'.
1676149085457	Marionette	WARN	Ignoring event 'pageshow' because document has an invalid readyState of 'interactive'.
1676149085565	Marionette	WARN	Ignoring event 'pageshow' because document has an invalid readyState of 'interactive'.
1676149085682	Marionette	WARN	Ignoring event 'pageshow' because document has an invalid readyState of 'interactive'.
1676149085811	Marionette	WARN	Ignoring event 'pageshow' because document has an invalid readyState of 'interactive'.
1676149085928	Marionette	WARN	Ignoring event 'pageshow' because document has an invalid readyState of 'interactive'.
1676149086039	Marionette	WARN	Ignoring event 'pageshow' because document has an invalid readyState of 'interactive'.
1676149086150	Marionette	WARN	Ignoring event 'pageshow' because document has an invalid readyState of 'interactive'.
1676149086266	Marionette	WARN	Ignoring event 'pageshow' because document has an invalid readyState of 'interactive'.
1676149086382	Marionette	WARN	Ignoring event 'pageshow' because document has an invalid readyState of 'interactive'.
1676149086489	Marionette	WARN	Ignoring event 'pageshow' because document has an invalid readyState of 'interactive'.
1676149086598	Marionette	WARN	Ignoring event 'pageshow' because document has an invalid readyState of 'interactive'.
1676149086707	Marionette	WARN	Ignoring event 'pageshow' because document has an invalid readyState of 'interactive'.
1676149086818	Marionette	WARN	Ignoring event 'pageshow' because document has an invalid readyState of 'interactive'.
1676149086930	Marionette	WARN	Ignoring event 'pageshow' because document has an invalid readyState of 'interactive'.
1676149087044	Marionette	WARN	Ignoring event 'pageshow' because document has an invalid readyState of 'interactive'.
1676149087149	Marionette	WARN	Ignoring event 'pageshow' because document has an invalid readyState of 'interactive'.
1676149087260	Marionette	WARN	Ignoring event 'pageshow' because document has an invalid readyState of 'interactive'.
1676149087364	Marionette	WARN	Ignoring event 'pageshow' because document has an invalid readyState of 'interactive'.
1676149087481	Marionette	WARN	Ignoring event 'pageshow' because document has an invalid readyState of 'interactive'.
1676149087589	Marionette	WARN	Ignoring event 'pageshow' because document has an invalid readyState of 'interactive'.
1676149087699	Marionette	WARN	Ignoring event 'pageshow' because document has an invalid readyState of 'interactive'.
1676149087813	Marionette	WARN	Ignoring event 'pageshow' because document has an invalid readyState of 'interactive'.
1676149087929	Marionette	WARN	Ignoring event 'pageshow' because document has an invalid readyState of 'interactive'.
1676149088032	Marionette	WARN	Ignoring event 'pageshow' because document has an invalid readyState of 'interactive'.
1676149088141	Marionette	WARN	Ignoring event 'pageshow' because document has an invalid readyState of 'interactive'.
1676149088247	Marionette	WARN	Ignoring event 'pageshow' because document has an invalid readyState of 'interactive'.
1676149088360	Marionette	WARN	Ignoring event 'pageshow' because document has an invalid readyState of 'interactive'.
1676149088463	Marionette	WARN	Ignoring event 'pageshow' because document has an invalid readyState of 'interactive'.
1676149088567	Marionette	WARN	Ignoring event 'pageshow' because document has an invalid readyState of 'interactive'.
1676149088679	Marionette	WARN	Ignoring event 'pageshow' because document has an invalid readyState of 'interactive'.
1676149088783	Marionette	WARN	Ignoring event 'pageshow' because document has an invalid readyState of 'interactive'.
1676149088892	Marionette	WARN	Ignoring event 'pageshow' because document has an invalid readyState of 'interactive'.
1676149089000	Marionette	WARN	Ignoring event 'pageshow' because document has an invalid readyState of 'interactive'.
1676149089114	Marionette	WARN	Ignoring event 'pageshow' because document has an invalid readyState of 'interactive'.
1676149089216	Marionette	WARN	Ignoring event 'pageshow' because document has an invalid readyState of 'interactive'.
1676149089328	Marionette	WARN	Ignoring event 'pageshow' because document has an invalid readyState of 'interactive'.
1676149089433	Marionette	WARN	Ignoring event 'pageshow' because document has an invalid readyState of 'interactive'.
1676149089544	Marionette	WARN	Ignoring event 'pageshow' because document has an invalid readyState of 'interactive'.
1676149089660	Marionette	WARN	Ignoring event 'pageshow' because document has an invalid readyState of 'interactive'.
1676149089773	Marionette	WARN	Ignoring event 'pageshow' because document has an invalid readyState of 'interactive'.
1676178585073	Marionette	INFO	Stopped listening on port 34527
